<?xml version="1.0" encoding="utf-8"?><testsuites name="pytest tests"><testsuite name="pytest" errors="0" failures="0" skipped="0" tests="7" time="1.543" timestamp="2026-03-16T12:06:40.054210+00:00" hostname="agent-env-2d155e08-779c-445c-b801-1e48fe7a2351"><testcase classname="backend.tests.test_api.TestHealth" name="test_health_ok" time="0.231" /><testcase classname="backend.tests.test_api.TestOllama" name="test_models_returns_list" time="0.184" /><testcase classname="backend.tests.test_api.TestSessions" name="test_list_sessions" time="0.142" /><testcase classname="backend.tests.test_api.TestSessions" name="test_create_session_returns_id" time="0.225" /><testcase classname="backend.tests.test_api.TestSessions" name="test_create_session_invalid_template" time="0.155" /><testcase classname="backend.tests.test_api.TestSessions" name="test_session_status_not_found" time="0.149" /><testcase classname="backend.tests.test_api.TestSessions" name="test_session_status_after_create" time="0.326" /></testsuite></testsuites>