<?xml version="1.0" encoding="utf-8"?><testsuites name="pytest tests"><testsuite name="pytest" errors="0" failures="0" skipped="0" tests="12" time="2.170" timestamp="2026-03-16T14:35:25.998516+00:00" hostname="agent-env-6e62421c-5086-44dc-bd14-951cd72dc46f"><testcase classname="backend.tests.test_backend.TestHealth" name="test_health_returns_ok" time="0.243" /><testcase classname="backend.tests.test_backend.TestCheckOllama" name="test_check_ollama_returns_connected_false" time="0.143" /><testcase classname="backend.tests.test_backend.TestCheckOllama" name="test_check_ollama_has_url_field" time="0.143" /><testcase classname="backend.tests.test_backend.TestModels" name="test_models_returns_503_when_offline" time="0.164" /><testcase classname="backend.tests.test_backend.TestAnalyzeTemplate" name="test_analyze_template_with_valid_docx" time="0.165" /><testcase classname="backend.tests.test_backend.TestAnalyzeTemplate" name="test_analyze_template_detects_placeholders" time="0.182" /><testcase classname="backend.tests.test_backend.TestAnalyzeTemplate" name="test_analyze_template_rejects_non_docx" time="0.121" /><testcase classname="backend.tests.test_backend.TestAnalyzeTemplate" name="test_analyze_template_placeholder_type" time="0.143" /><testcase classname="backend.tests.test_backend.TestAnalyzeTemplate" name="test_analyze_template_rule_type" time="0.130" /><testcase classname="backend.tests.test_backend.TestProcessEndpoint" name="test_process_returns_job_id" time="0.154" /><testcase classname="backend.tests.test_backend.TestProcessEndpoint" name="test_get_job_status" time="0.372" /><testcase classname="backend.tests.test_backend.TestProcessEndpoint" name="test_get_job_not_found" time="0.118" /></testsuite></testsuites>